INFO     - 2023-08-15 20:40:13,476, Функция: named_tuple с атрибутами (('.git', 'dir', 'Project'), {}). Результат: Path(name='.git', ext='d', root='Project')
INFO     - 2023-08-15 20:40:13,476, Функция: named_tuple с атрибутами (('task_15', 'p', 'Project'), {}). Результат: Path(name='task_15', ext='p', root='Project')
INFO     - 2023-08-15 20:40:13,477, Функция: named_tuple с атрибутами (('venv', 'dir', 'Project'), {}). Результат: Path(name='venv', ext='d', root='Project')
INFO     - 2023-08-15 20:40:13,477, Функция: named_tuple с атрибутами (('loging', 'l', 'Project'), {}). Результат: Path(name='loging', ext='l', root='Project')
INFO     - 2023-08-15 20:40:13,479, Функция: named_tuple с атрибутами (('.pytest_cache', 'dir', 'Project'), {}). Результат: Path(name='.pytest_cache', ext='d', root='Project')
INFO     - 2023-08-15 20:40:13,479, Функция: named_tuple с атрибутами (('Main', 'p', 'Project'), {}). Результат: Path(name='Main', ext='p', root='Project')
INFO     - 2023-08-15 20:40:13,479, Функция: named_tuple с атрибутами (('logs', 'dir', '.git'), {}). Результат: Path(name='logs', ext='d', root='.git')
INFO     - 2023-08-15 20:40:13,479, Функция: named_tuple с атрибутами (('COMMIT_EDITMSG', 'N', '.git'), {}). Результат: Path(name='COMMIT_EDITMSG', ext='N', root='.git')
INFO     - 2023-08-15 20:40:13,480, Функция: named_tuple с атрибутами (('branches', 'dir', '.git'), {}). Результат: Path(name='branches', ext='d', root='.git')
INFO     - 2023-08-15 20:40:13,480, Функция: named_tuple с атрибутами (('config', 'N', '.git'), {}). Результат: Path(name='config', ext='N', root='.git')
INFO     - 2023-08-15 20:40:13,480, Функция: named_tuple с атрибутами (('objects', 'dir', '.git'), {}). Результат: Path(name='objects', ext='d', root='.git')
INFO     - 2023-08-15 20:40:13,480, Функция: named_tuple с атрибутами (('HEAD', 'N', '.git'), {}). Результат: Path(name='HEAD', ext='N', root='.git')
INFO     - 2023-08-15 20:40:13,480, Функция: named_tuple с атрибутами (('hooks', 'dir', '.git'), {}). Результат: Path(name='hooks', ext='d', root='.git')
INFO     - 2023-08-15 20:40:13,480, Функция: named_tuple с атрибутами (('index', 'N', '.git'), {}). Результат: Path(name='index', ext='N', root='.git')
INFO     - 2023-08-15 20:40:13,480, Функция: named_tuple с атрибутами (('info', 'dir', '.git'), {}). Результат: Path(name='info', ext='d', root='.git')
INFO     - 2023-08-15 20:40:13,481, Функция: named_tuple с атрибутами (('description', 'N', '.git'), {}). Результат: Path(name='description', ext='N', root='.git')
INFO     - 2023-08-15 20:40:13,481, Функция: named_tuple с атрибутами (('refs', 'dir', '.git'), {}). Результат: Path(name='refs', ext='d', root='.git')
INFO     - 2023-08-15 20:40:13,481, Функция: named_tuple с атрибутами (('ORIG_HEAD', 'N', '.git'), {}). Результат: Path(name='ORIG_HEAD', ext='N', root='.git')
INFO     - 2023-08-15 20:40:13,481, Функция: named_tuple с атрибутами (('refs', 'dir', 'logs'), {}). Результат: Path(name='refs', ext='d', root='logs')
INFO     - 2023-08-15 20:40:13,481, Функция: named_tuple с атрибутами (('HEAD', 'N', 'logs'), {}). Результат: Path(name='HEAD', ext='N', root='logs')
INFO     - 2023-08-15 20:40:13,483, Функция: named_tuple с атрибутами (('bin', 'dir', 'venv'), {}). Результат: Path(name='bin', ext='d', root='venv')
INFO     - 2023-08-15 20:40:13,483, Функция: named_tuple с атрибутами (('', 'g', 'venv'), {}). Результат: Path(name='', ext='g', root='venv')
INFO     - 2023-08-15 20:40:13,484, Функция: named_tuple с атрибутами (('lib', 'dir', 'venv'), {}). Результат: Path(name='lib', ext='d', root='venv')
INFO     - 2023-08-15 20:40:13,484, Функция: named_tuple с атрибутами (('pyvenv', 'c', 'venv'), {}). Результат: Path(name='pyvenv', ext='c', root='venv')
INFO     - 2023-08-15 20:40:13,484, Функция: named_tuple с атрибутами (('importlib_metadata-4.8.3.dist-info', 'dir', 'site-packages'), {}). Результат: Path(name='importlib_metadata-4.8.3.dist-info', ext='d', root='site-packages')
INFO     - 2023-08-15 20:40:13,484, Функция: named_tuple с атрибутами (('zipp', 'p', 'site-packages'), {}). Результат: Path(name='zipp', ext='p', root='site-packages')
INFO     - 2023-08-15 20:40:13,484, Функция: named_tuple с атрибутами (('_distutils_hack', 'dir', 'site-packages'), {}). Результат: Path(name='_distutils_hack', ext='d', root='site-packages')
INFO     - 2023-08-15 20:40:13,484, Функция: named_tuple с атрибутами (('setuptools-59', '6', 'site-packages'), {}). Результат: Path(name='setuptools-59', ext='6', root='site-packages')
INFO     - 2023-08-15 20:40:13,485, Функция: named_tuple с атрибутами (('pytest-7.0.1.dist-info', 'dir', 'site-packages'), {}). Результат: Path(name='pytest-7.0.1.dist-info', ext='d', root='site-packages')
INFO     - 2023-08-15 20:40:13,485, Функция: named_tuple с атрибутами (('typing_extensions', 'p', 'site-packages'), {}). Результат: Path(name='typing_extensions', ext='p', root='site-packages')
INFO     - 2023-08-15 20:40:13,485, Функция: named_tuple с атрибутами (('pip', 'dir', 'site-packages'), {}). Результат: Path(name='pip', ext='d', root='site-packages')
INFO     - 2023-08-15 20:40:13,485, Функция: named_tuple с атрибутами (('_virtualenv', 'p', 'site-packages'), {}). Результат: Path(name='_virtualenv', ext='p', root='site-packages')
INFO     - 2023-08-15 20:40:13,485, Функция: named_tuple с атрибутами (('attrs', 'dir', 'site-packages'), {}). Результат: Path(name='attrs', ext='d', root='site-packages')
INFO     - 2023-08-15 20:40:13,485, Функция: named_tuple с атрибутами (('distutils-precedence', 'p', 'site-packages'), {}). Результат: Path(name='distutils-precedence', ext='p', root='site-packages')
INFO     - 2023-08-15 20:40:13,485, Функция: named_tuple с атрибутами (('pyparsing-3.1.1.dist-info', 'dir', 'site-packages'), {}). Результат: Path(name='pyparsing-3.1.1.dist-info', ext='d', root='site-packages')
INFO     - 2023-08-15 20:40:13,486, Функция: named_tuple с атрибутами (('wheel-0', '3', 'site-packages'), {}). Результат: Path(name='wheel-0', ext='3', root='site-packages')
INFO     - 2023-08-15 20:40:13,486, Функция: named_tuple с атрибутами (('setuptools', 'dir', 'site-packages'), {}). Результат: Path(name='setuptools', ext='d', root='site-packages')
INFO     - 2023-08-15 20:40:13,486, Функция: named_tuple с атрибутами (('pip-21', '3', 'site-packages'), {}). Результат: Path(name='pip-21', ext='3', root='site-packages')
INFO     - 2023-08-15 20:40:13,486, Функция: named_tuple с атрибутами (('zipp-3.6.0.dist-info', 'dir', 'site-packages'), {}). Результат: Path(name='zipp-3.6.0.dist-info', ext='d', root='site-packages')
INFO     - 2023-08-15 20:40:13,486, Функция: named_tuple с атрибутами (('_virtualenv', 'p', 'site-packages'), {}). Результат: Path(name='_virtualenv', ext='p', root='site-packages')
INFO     - 2023-08-15 20:40:13,486, Функция: named_tuple с атрибутами (('_internal', 'dir', 'pip'), {}). Результат: Path(name='_internal', ext='d', root='pip')
INFO     - 2023-08-15 20:40:13,487, Функция: named_tuple с атрибутами (('__main__', 'p', 'pip'), {}). Результат: Path(name='__main__', ext='p', root='pip')
INFO     - 2023-08-15 20:40:13,487, Функция: named_tuple с атрибутами (('_vendor', 'dir', 'pip'), {}). Результат: Path(name='_vendor', ext='d', root='pip')
INFO     - 2023-08-15 20:40:13,487, Функция: named_tuple с атрибутами (('__init__', 'p', 'pip'), {}). Результат: Path(name='__init__', ext='p', root='pip')
INFO     - 2023-08-15 20:40:13,487, Функция: named_tuple с атрибутами (('__pycache__', 'dir', 'pip'), {}). Результат: Path(name='__pycache__', ext='d', root='pip')
INFO     - 2023-08-15 20:40:13,487, Функция: named_tuple с атрибутами (('py', 't', 'pip'), {}). Результат: Path(name='py', ext='t', root='pip')
INFO     - 2023-08-15 20:40:13,487, Функция: named_tuple с атрибутами (('network', 'dir', '_internal'), {}). Результат: Path(name='network', ext='d', root='_internal')
INFO     - 2023-08-15 20:40:13,488, Функция: named_tuple с атрибутами (('exceptions', 'p', '_internal'), {}). Результат: Path(name='exceptions', ext='p', root='_internal')
INFO     - 2023-08-15 20:40:13,488, Функция: named_tuple с атрибутами (('distributions', 'dir', '_internal'), {}). Результат: Path(name='distributions', ext='d', root='_internal')
INFO     - 2023-08-15 20:40:13,488, Функция: named_tuple с атрибутами (('self_outdated_check', 'p', '_internal'), {}). Результат: Path(name='self_outdated_check', ext='p', root='_internal')
INFO     - 2023-08-15 20:40:13,488, Функция: named_tuple с атрибутами (('models', 'dir', '_internal'), {}). Результат: Path(name='models', ext='d', root='_internal')
INFO     - 2023-08-15 20:40:13,488, Функция: named_tuple с атрибутами (('configuration', 'p', '_internal'), {}). Результат: Path(name='configuration', ext='p', root='_internal')
INFO     - 2023-08-15 20:40:13,488, Функция: named_tuple с атрибутами (('vcs', 'dir', '_internal'), {}). Результат: Path(name='vcs', ext='d', root='_internal')
INFO     - 2023-08-15 20:40:13,488, Функция: named_tuple с атрибутами (('build_env', 'p', '_internal'), {}). Результат: Path(name='build_env', ext='p', root='_internal')
INFO     - 2023-08-15 20:40:13,489, Функция: named_tuple с атрибутами (('resolution', 'dir', '_internal'), {}). Результат: Path(name='resolution', ext='d', root='_internal')
INFO     - 2023-08-15 20:40:13,489, Функция: named_tuple с атрибутами (('main', 'p', '_internal'), {}). Результат: Path(name='main', ext='p', root='_internal')
INFO     - 2023-08-15 20:40:13,489, Функция: named_tuple с атрибутами (('index', 'dir', '_internal'), {}). Результат: Path(name='index', ext='d', root='_internal')
INFO     - 2023-08-15 20:40:13,489, Функция: named_tuple с атрибутами (('pyproject', 'p', '_internal'), {}). Результат: Path(name='pyproject', ext='p', root='_internal')
INFO     - 2023-08-15 20:40:13,489, Функция: named_tuple с атрибутами (('metadata', 'dir', '_internal'), {}). Результат: Path(name='metadata', ext='d', root='_internal')
INFO     - 2023-08-15 20:40:13,489, Функция: named_tuple с атрибутами (('__init__', 'p', '_internal'), {}). Результат: Path(name='__init__', ext='p', root='_internal')
INFO     - 2023-08-15 20:40:13,489, Функция: named_tuple с атрибутами (('req', 'dir', '_internal'), {}). Результат: Path(name='req', ext='d', root='_internal')
INFO     - 2023-08-15 20:40:13,490, Функция: named_tuple с атрибутами (('wheel_builder', 'p', '_internal'), {}). Результат: Path(name='wheel_builder', ext='p', root='_internal')
INFO     - 2023-08-15 20:40:13,490, Функция: named_tuple с атрибутами (('__pycache__', 'dir', '_internal'), {}). Результат: Path(name='__pycache__', ext='d', root='_internal')
INFO     - 2023-08-15 20:40:13,490, Функция: named_tuple с атрибутами (('cache', 'p', '_internal'), {}). Результат: Path(name='cache', ext='p', root='_internal')
INFO     - 2023-08-15 20:40:13,490, Функция: named_tuple с атрибутами (('__pycache__', 'dir', 'network'), {}). Результат: Path(name='__pycache__', ext='d', root='network')
INFO     - 2023-08-15 20:40:13,491, Функция: named_tuple с атрибутами (('lazy_wheel', 'p', 'network'), {}). Результат: Path(name='lazy_wheel', ext='p', root='network')
INFO     - 2023-08-15 20:40:13,491, Функция: named_tuple с атрибутами (('__pycache__', 'dir', 'distributions'), {}). Результат: Path(name='__pycache__', ext='d', root='distributions')
INFO     - 2023-08-15 20:40:13,491, Функция: named_tuple с атрибутами (('sdist', 'p', 'distributions'), {}). Результат: Path(name='sdist', ext='p', root='distributions')
INFO     - 2023-08-15 20:40:13,491, Функция: named_tuple с атрибутами (('__pycache__', 'dir', 'models'), {}). Результат: Path(name='__pycache__', ext='d', root='models')
INFO     - 2023-08-15 20:40:13,492, Функция: named_tuple с атрибутами (('format_control', 'p', 'models'), {}). Результат: Path(name='format_control', ext='p', root='models')
INFO     - 2023-08-15 20:40:13,492, Функция: named_tuple с атрибутами (('__pycache__', 'dir', 'vcs'), {}). Результат: Path(name='__pycache__', ext='d', root='vcs')
INFO     - 2023-08-15 20:40:13,492, Функция: named_tuple с атрибутами (('subversion', 'p', 'vcs'), {}). Результат: Path(name='subversion', ext='p', root='vcs')
INFO     - 2023-08-15 20:40:13,492, Функция: named_tuple с атрибутами (('resolvelib', 'dir', 'resolution'), {}). Результат: Path(name='resolvelib', ext='d', root='resolution')
INFO     - 2023-08-15 20:40:13,492, Функция: named_tuple с атрибутами (('__init__', 'p', 'resolution'), {}). Результат: Path(name='__init__', ext='p', root='resolution')
INFO     - 2023-08-15 20:40:13,492, Функция: named_tuple с атрибутами (('legacy', 'dir', 'resolution'), {}). Результат: Path(name='legacy', ext='d', root='resolution')
INFO     - 2023-08-15 20:40:13,492, Функция: named_tuple с атрибутами (('base', 'p', 'resolution'), {}). Результат: Path(name='base', ext='p', root='resolution')
INFO     - 2023-08-15 20:40:13,493, Функция: named_tuple с атрибутами (('__pycache__', 'dir', 'resolvelib'), {}). Результат: Path(name='__pycache__', ext='d', root='resolvelib')
INFO     - 2023-08-15 20:40:13,493, Функция: named_tuple с атрибутами (('found_candidates', 'p', 'resolvelib'), {}). Результат: Path(name='found_candidates', ext='p', root='resolvelib')
INFO     - 2023-08-15 20:40:13,493, Функция: named_tuple с атрибутами (('__pycache__', 'dir', 'index'), {}). Результат: Path(name='__pycache__', ext='d', root='index')
INFO     - 2023-08-15 20:40:13,493, Функция: named_tuple с атрибутами (('sources', 'p', 'index'), {}). Результат: Path(name='sources', ext='p', root='index')
INFO     - 2023-08-15 20:40:13,493, Функция: named_tuple с атрибутами (('__pycache__', 'dir', 'metadata'), {}). Результат: Path(name='__pycache__', ext='d', root='metadata')
INFO     - 2023-08-15 20:40:13,493, Функция: named_tuple с атрибутами (('__init__', 'p', 'metadata'), {}). Результат: Path(name='__init__', ext='p', root='metadata')
INFO     - 2023-08-15 20:40:13,494, Функция: named_tuple с атрибутами (('__pycache__', 'dir', 'req'), {}). Результат: Path(name='__pycache__', ext='d', root='req')
INFO     - 2023-08-15 20:40:13,494, Функция: named_tuple с атрибутами (('req_tracker', 'p', 'req'), {}). Результат: Path(name='req_tracker', ext='p', root='req')
INFO     - 2023-08-15 20:40:13,494, Функция: named_tuple с атрибутами (('__pycache__', 'dir', 'commands'), {}). Результат: Path(name='__pycache__', ext='d', root='commands')
INFO     - 2023-08-15 20:40:13,494, Функция: named_tuple с атрибутами (('search', 'p', 'commands'), {}). Результат: Path(name='search', ext='p', root='commands')
INFO     - 2023-08-15 20:40:13,494, Функция: named_tuple с атрибутами (('__pycache__', 'dir', 'utils'), {}). Результат: Path(name='__pycache__', ext='d', root='utils')
INFO     - 2023-08-15 20:40:13,494, Функция: named_tuple с атрибутами (('distutils_args', 'p', 'utils'), {}). Результат: Path(name='distutils_args', ext='p', root='utils')
INFO     - 2023-08-15 20:40:13,495, Функция: named_tuple с атрибутами (('__pycache__', 'dir', 'cli'), {}). Результат: Path(name='__pycache__', ext='d', root='cli')
INFO     - 2023-08-15 20:40:13,495, Функция: named_tuple с атрибутами (('parser', 'p', 'cli'), {}). Результат: Path(name='parser', ext='p', root='cli')
INFO     - 2023-08-15 20:40:13,495, Функция: named_tuple с атрибутами (('__pycache__', 'dir', 'locations'), {}). Результат: Path(name='__pycache__', ext='d', root='locations')
INFO     - 2023-08-15 20:40:13,495, Функция: named_tuple с атрибутами (('_sysconfig', 'p', 'locations'), {}). Результат: Path(name='_sysconfig', ext='p', root='locations')
INFO     - 2023-08-15 20:40:13,495, Функция: named_tuple с атрибутами (('install', 'dir', 'operations'), {}). Результат: Path(name='install', ext='d', root='operations')
INFO     - 2023-08-15 20:40:13,496, Функция: named_tuple с атрибутами (('freeze', 'p', 'operations'), {}). Результат: Path(name='freeze', ext='p', root='operations')
INFO     - 2023-08-15 20:40:13,496, Функция: named_tuple с атрибутами (('__pycache__', 'dir', 'operations'), {}). Результат: Path(name='__pycache__', ext='d', root='operations')
INFO     - 2023-08-15 20:40:13,496, Функция: named_tuple с атрибутами (('prepare', 'p', 'operations'), {}). Результат: Path(name='prepare', ext='p', root='operations')
INFO     - 2023-08-15 20:40:13,496, Функция: named_tuple с атрибутами (('build', 'dir', 'operations'), {}). Результат: Path(name='build', ext='d', root='operations')
INFO     - 2023-08-15 20:40:13,496, Функция: named_tuple с атрибутами (('check', 'p', 'operations'), {}). Результат: Path(name='check', ext='p', root='operations')
INFO     - 2023-08-15 20:40:13,496, Функция: named_tuple с атрибутами (('__pycache__', 'dir', 'install'), {}). Результат: Path(name='__pycache__', ext='d', root='install')
INFO     - 2023-08-15 20:40:13,496, Функция: named_tuple с атрибутами (('__init__', 'p', 'install'), {}). Результат: Path(name='__init__', ext='p', root='install')
INFO     - 2023-08-15 20:40:13,497, Функция: named_tuple с атрибутами (('__pycache__', 'dir', 'build'), {}). Результат: Path(name='__pycache__', ext='d', root='build')
INFO     - 2023-08-15 20:40:13,497, Функция: named_tuple с атрибутами (('metadata', 'p', 'build'), {}). Результат: Path(name='metadata', ext='p', root='build')
INFO     - 2023-08-15 20:40:13,497, Функция: named_tuple с атрибутами (('webencodings', 'dir', '_vendor'), {}). Результат: Path(name='webencodings', ext='d', root='_vendor')
INFO     - 2023-08-15 20:40:13,497, Функция: named_tuple с атрибутами (('pyparsing', 'p', '_vendor'), {}). Результат: Path(name='pyparsing', ext='p', root='_vendor')
INFO     - 2023-08-15 20:40:13,497, Функция: named_tuple с атрибутами (('urllib3', 'dir', '_vendor'), {}). Результат: Path(name='urllib3', ext='d', root='_vendor')
INFO     - 2023-08-15 20:40:13,497, Функция: named_tuple с атрибутами (('__init__', 'p', '_vendor'), {}). Результат: Path(name='__init__', ext='p', root='_vendor')
INFO     - 2023-08-15 20:40:13,497, Функция: named_tuple с атрибутами (('chardet', 'dir', '_vendor'), {}). Результат: Path(name='chardet', ext='d', root='_vendor')
INFO     - 2023-08-15 20:40:13,497, Функция: named_tuple с атрибутами (('distro', 'p', '_vendor'), {}). Результат: Path(name='distro', ext='p', root='_vendor')
INFO     - 2023-08-15 20:40:13,498, Функция: named_tuple с атрибутами (('msgpack', 'dir', '_vendor'), {}). Результат: Path(name='msgpack', ext='d', root='_vendor')
INFO     - 2023-08-15 20:40:13,498, Функция: named_tuple с атрибутами (('vendor', 't', '_vendor'), {}). Результат: Path(name='vendor', ext='t', root='_vendor')
INFO     - 2023-08-15 20:40:13,498, Функция: named_tuple с атрибутами (('resolvelib', 'dir', '_vendor'), {}). Результат: Path(name='resolvelib', ext='d', root='_vendor')
INFO     - 2023-08-15 20:40:13,498, Функция: named_tuple с атрибутами (('six', 'p', '_vendor'), {}). Результат: Path(name='six', ext='p', root='_vendor')
INFO     - 2023-08-15 20:40:13,498, Функция: named_tuple с атрибутами (('__pycache__', 'dir', 'webencodings'), {}). Результат: Path(name='__pycache__', ext='d', root='webencodings')
INFO     - 2023-08-15 20:40:13,498, Функция: named_tuple с атрибутами (('__init__', 'p', 'webencodings'), {}). Результат: Path(name='__init__', ext='p', root='webencodings')
INFO     - 2023-08-15 20:40:13,498, Функция: named_tuple с атрибутами (('util', 'dir', 'urllib3'), {}). Результат: Path(name='util', ext='d', root='urllib3')
INFO     - 2023-08-15 20:40:13,499, Функция: named_tuple с атрибутами (('exceptions', 'p', 'urllib3'), {}). Результат: Path(name='exceptions', ext='p', root='urllib3')
INFO     - 2023-08-15 20:40:13,499, Функция: named_tuple с атрибутами (('contrib', 'dir', 'urllib3'), {}). Результат: Path(name='contrib', ext='d', root='urllib3')
INFO     - 2023-08-15 20:40:13,499, Функция: named_tuple с атрибутами (('response', 'p', 'urllib3'), {}). Результат: Path(name='response', ext='p', root='urllib3')
INFO     - 2023-08-15 20:40:13,499, Функция: named_tuple с атрибутами (('__pycache__', 'dir', 'urllib3'), {}). Результат: Path(name='__pycache__', ext='d', root='urllib3')
INFO     - 2023-08-15 20:40:13,499, Функция: named_tuple с атрибутами (('_version', 'p', 'urllib3'), {}). Результат: Path(name='_version', ext='p', root='urllib3')
INFO     - 2023-08-15 20:40:13,499, Функция: named_tuple с атрибутами (('packages', 'dir', 'urllib3'), {}). Результат: Path(name='packages', ext='d', root='urllib3')
INFO     - 2023-08-15 20:40:13,499, Функция: named_tuple с атрибутами (('__init__', 'p', 'urllib3'), {}). Результат: Path(name='__init__', ext='p', root='urllib3')
INFO     - 2023-08-15 20:40:13,500, Функция: named_tuple с атрибутами (('__pycache__', 'dir', 'util'), {}). Результат: Path(name='__pycache__', ext='d', root='util')
INFO     - 2023-08-15 20:40:13,500, Функция: named_tuple с атрибутами (('ssltransport', 'p', 'util'), {}). Результат: Path(name='ssltransport', ext='p', root='util')
INFO     - 2023-08-15 20:40:13,500, Функция: named_tuple с атрибутами (('_securetransport', 'dir', 'contrib'), {}). Результат: Path(name='_securetransport', ext='d', root='contrib')
INFO     - 2023-08-15 20:40:13,500, Функция: named_tuple с атрибутами (('socks', 'p', 'contrib'), {}). Результат: Path(name='socks', ext='p', root='contrib')
INFO     - 2023-08-15 20:40:13,500, Функция: named_tuple с атрибутами (('__pycache__', 'dir', 'contrib'), {}). Результат: Path(name='__pycache__', ext='d', root='contrib')
INFO     - 2023-08-15 20:40:13,500, Функция: named_tuple с атрибутами (('securetransport', 'p', 'contrib'), {}). Результат: Path(name='securetransport', ext='p', root='contrib')
INFO     - 2023-08-15 20:40:13,500, Функция: named_tuple с атрибутами (('backports', 'dir', 'packages'), {}). Результат: Path(name='backports', ext='d', root='packages')
INFO     - 2023-08-15 20:40:13,501, Функция: named_tuple с атрибутами (('__init__', 'p', 'packages'), {}). Результат: Path(name='__init__', ext='p', root='packages')
INFO     - 2023-08-15 20:40:13,501, Функция: named_tuple с атрибутами (('ssl_match_hostname', 'dir', 'packages'), {}). Результат: Path(name='ssl_match_hostname', ext='d', root='packages')
INFO     - 2023-08-15 20:40:13,501, Функция: named_tuple с атрибутами (('six', 'p', 'packages'), {}). Результат: Path(name='six', ext='p', root='packages')
INFO     - 2023-08-15 20:40:13,501, Функция: named_tuple с атрибутами (('__pycache__', 'dir', 'ssl_match_hostname'), {}). Результат: Path(name='__pycache__', ext='d', root='ssl_match_hostname')
INFO     - 2023-08-15 20:40:13,501, Функция: named_tuple с атрибутами (('_implementation', 'p', 'ssl_match_hostname'), {}). Результат: Path(name='_implementation', ext='p', root='ssl_match_hostname')
INFO     - 2023-08-15 20:40:13,501, Функция: named_tuple с атрибутами (('metadata', 'dir', 'chardet'), {}). Результат: Path(name='metadata', ext='d', root='chardet')
INFO     - 2023-08-15 20:40:13,501, Функция: named_tuple с атрибутами (('cp949prober', 'p', 'chardet'), {}). Результат: Path(name='cp949prober', ext='p', root='chardet')
INFO     - 2023-08-15 20:40:13,502, Функция: named_tuple с атрибутами (('__pycache__', 'dir', 'chardet'), {}). Результат: Path(name='__pycache__', ext='d', root='chardet')
INFO     - 2023-08-15 20:40:13,502, Функция: named_tuple с атрибутами (('hebrewprober', 'p', 'chardet'), {}). Результат: Path(name='hebrewprober', ext='p', root='chardet')
INFO     - 2023-08-15 20:40:13,502, Функция: named_tuple с атрибутами (('cli', 'dir', 'chardet'), {}). Результат: Path(name='cli', ext='d', root='chardet')
INFO     - 2023-08-15 20:40:13,502, Функция: named_tuple с атрибутами (('sbcharsetprober', 'p', 'chardet'), {}). Результат: Path(name='sbcharsetprober', ext='p', root='chardet')
INFO     - 2023-08-15 20:40:13,502, Функция: named_tuple с атрибутами (('__pycache__', 'dir', 'msgpack'), {}). Результат: Path(name='__pycache__', ext='d', root='msgpack')
INFO     - 2023-08-15 20:40:13,502, Функция: named_tuple с атрибутами (('exceptions', 'p', 'msgpack'), {}). Результат: Path(name='exceptions', ext='p', root='msgpack')
INFO     - 2023-08-15 20:40:13,503, Функция: named_tuple с атрибутами (('compat', 'dir', 'resolvelib'), {}). Результат: Path(name='compat', ext='d', root='resolvelib')
INFO     - 2023-08-15 20:40:13,503, Функция: named_tuple с атрибутами (('resolvers', 'p', 'resolvelib'), {}). Результат: Path(name='resolvers', ext='p', root='resolvelib')
INFO     - 2023-08-15 20:40:13,503, Функция: named_tuple с атрибутами (('__pycache__', 'dir', 'resolvelib'), {}). Результат: Path(name='__pycache__', ext='d', root='resolvelib')
INFO     - 2023-08-15 20:40:13,503, Функция: named_tuple с атрибутами (('structs', 'p', 'resolvelib'), {}). Результат: Path(name='structs', ext='p', root='resolvelib')
INFO     - 2023-08-15 20:40:13,503, Функция: named_tuple с атрибутами (('__pycache__', 'dir', 'compat'), {}). Результат: Path(name='__pycache__', ext='d', root='compat')
INFO     - 2023-08-15 20:40:13,503, Функция: named_tuple с атрибутами (('collections_abc', 'p', 'compat'), {}). Результат: Path(name='collections_abc', ext='p', root='compat')
INFO     - 2023-08-15 20:40:13,504, Функция: named_tuple с атрибутами (('__pycache__', 'dir', 'colorama'), {}). Результат: Path(name='__pycache__', ext='d', root='colorama')
INFO     - 2023-08-15 20:40:13,504, Функция: named_tuple с атрибутами (('initialise', 'p', 'colorama'), {}). Результат: Path(name='initialise', ext='p', root='colorama')
INFO     - 2023-08-15 20:40:13,504, Функция: named_tuple с атрибутами (('__pycache__', 'dir', 'platformdirs'), {}). Результат: Path(name='__pycache__', ext='d', root='platformdirs')
INFO     - 2023-08-15 20:40:13,504, Функция: named_tuple с атрибутами (('__main__', 'p', 'platformdirs'), {}). Результат: Path(name='__main__', ext='p', root='platformdirs')
INFO     - 2023-08-15 20:40:13,504, Функция: named_tuple с атрибутами (('__pycache__', 'dir', 'tenacity'), {}). Результат: Path(name='__pycache__', ext='d', root='tenacity')
INFO     - 2023-08-15 20:40:13,504, Функция: named_tuple с атрибутами (('before', 'p', 'tenacity'), {}). Результат: Path(name='before', ext='p', root='tenacity')
INFO     - 2023-08-15 20:40:13,505, Функция: named_tuple с атрибутами (('__pycache__', 'dir', 'requests'), {}). Результат: Path(name='__pycache__', ext='d', root='requests')
INFO     - 2023-08-15 20:40:13,505, Функция: named_tuple с атрибутами (('_internal_utils', 'p', 'requests'), {}). Результат: Path(name='_internal_utils', ext='p', root='requests')
INFO     - 2023-08-15 20:40:13,505, Функция: named_tuple с атрибутами (('caches', 'dir', 'cachecontrol'), {}). Результат: Path(name='caches', ext='d', root='cachecontrol')
INFO     - 2023-08-15 20:40:13,505, Функция: named_tuple с атрибутами (('adapter', 'p', 'cachecontrol'), {}). Результат: Path(name='adapter', ext='p', root='cachecontrol')
INFO     - 2023-08-15 20:40:13,505, Функция: named_tuple с атрибутами (('__pycache__', 'dir', 'cachecontrol'), {}). Результат: Path(name='__pycache__', ext='d', root='cachecontrol')
INFO     - 2023-08-15 20:40:13,505, Функция: named_tuple с атрибутами (('serialize', 'p', 'cachecontrol'), {}). Результат: Path(name='serialize', ext='p', root='cachecontrol')
INFO     - 2023-08-15 20:40:13,506, Функция: named_tuple с атрибутами (('__pycache__', 'dir', 'caches'), {}). Результат: Path(name='__pycache__', ext='d', root='caches')
INFO     - 2023-08-15 20:40:13,506, Функция: named_tuple с атрибутами (('file_cache', 'p', 'caches'), {}). Результат: Path(name='file_cache', ext='p', root='caches')
INFO     - 2023-08-15 20:40:13,506, Функция: named_tuple с атрибутами (('__pycache__', 'dir', 'progress'), {}). Результат: Path(name='__pycache__', ext='d', root='progress')
INFO     - 2023-08-15 20:40:13,506, Функция: named_tuple с атрибутами (('bar', 'p', 'progress'), {}). Результат: Path(name='bar', ext='p', root='progress')
INFO     - 2023-08-15 20:40:13,506, Функция: named_tuple с атрибутами (('__pycache__', 'dir', 'certifi'), {}). Результат: Path(name='__pycache__', ext='d', root='certifi')
INFO     - 2023-08-15 20:40:13,506, Функция: named_tuple с атрибутами (('__main__', 'p', 'certifi'), {}). Результат: Path(name='__main__', ext='p', root='certifi')
INFO     - 2023-08-15 20:40:13,507, Функция: named_tuple с атрибутами (('_backport', 'dir', 'distlib'), {}). Результат: Path(name='_backport', ext='d', root='distlib')
INFO     - 2023-08-15 20:40:13,507, Функция: named_tuple с атрибутами (('scripts', 'p', 'distlib'), {}). Результат: Path(name='scripts', ext='p', root='distlib')
INFO     - 2023-08-15 20:40:13,507, Функция: named_tuple с атрибутами (('__pycache__', 'dir', 'distlib'), {}). Результат: Path(name='__pycache__', ext='d', root='distlib')
INFO     - 2023-08-15 20:40:13,507, Функция: named_tuple с атрибутами (('metadata', 'p', 'distlib'), {}). Результат: Path(name='metadata', ext='p', root='distlib')
INFO     - 2023-08-15 20:40:13,507, Функция: named_tuple с атрибутами (('__pycache__', 'dir', 'tomli'), {}). Результат: Path(name='__pycache__', ext='d', root='tomli')
INFO     - 2023-08-15 20:40:13,507, Функция: named_tuple с атрибутами (('_parser', 'p', 'tomli'), {}). Результат: Path(name='_parser', ext='p', root='tomli')
INFO     - 2023-08-15 20:40:13,507, Функция: named_tuple с атрибутами (('__pycache__', 'dir', 'pep517'), {}). Результат: Path(name='__pycache__', ext='d', root='pep517')
INFO     - 2023-08-15 20:40:13,508, Функция: named_tuple с атрибутами (('dirtools', 'p', 'pep517'), {}). Результат: Path(name='dirtools', ext='p', root='pep517')
INFO     - 2023-08-15 20:40:13,508, Функция: named_tuple с атрибутами (('in_process', 'dir', 'pep517'), {}). Результат: Path(name='in_process', ext='d', root='pep517')
INFO     - 2023-08-15 20:40:13,508, Функция: named_tuple с атрибутами (('wrappers', 'p', 'pep517'), {}). Результат: Path(name='wrappers', ext='p', root='pep517')
INFO     - 2023-08-15 20:40:13,508, Функция: named_tuple с атрибутами (('__pycache__', 'dir', 'in_process'), {}). Результат: Path(name='__pycache__', ext='d', root='in_process')
INFO     - 2023-08-15 20:40:13,508, Функция: named_tuple с атрибутами (('_in_process', 'p', 'in_process'), {}). Результат: Path(name='_in_process', ext='p', root='in_process')
INFO     - 2023-08-15 20:40:13,508, Функция: named_tuple с атрибутами (('__pycache__', 'dir', 'packaging'), {}). Результат: Path(name='__pycache__', ext='d', root='packaging')
INFO     - 2023-08-15 20:40:13,509, Функция: named_tuple с атрибутами (('specifiers', 'p', 'packaging'), {}). Результат: Path(name='specifiers', ext='p', root='packaging')
INFO     - 2023-08-15 20:40:13,509, Функция: named_tuple с атрибутами (('__pycache__', 'dir', 'pkg_resources'), {}). Результат: Path(name='__pycache__', ext='d', root='pkg_resources')
INFO     - 2023-08-15 20:40:13,509, Функция: named_tuple с атрибутами (('__init__', 'p', 'pkg_resources'), {}). Результат: Path(name='__init__', ext='p', root='pkg_resources')
INFO     - 2023-08-15 20:40:13,509, Функция: named_tuple с атрибутами (('treewalkers', 'dir', 'html5lib'), {}). Результат: Path(name='treewalkers', ext='d', root='html5lib')
INFO     - 2023-08-15 20:40:13,510, Функция: named_tuple с атрибутами (('html5parser', 'p', 'html5lib'), {}). Результат: Path(name='html5parser', ext='p', root='html5lib')
INFO     - 2023-08-15 20:40:13,511, Функция: named_tuple с атрибутами (('filters', 'dir', 'html5lib'), {}). Результат: Path(name='filters', ext='d', root='html5lib')
INFO     - 2023-08-15 20:40:13,511, Функция: named_tuple с атрибутами (('constants', 'p', 'html5lib'), {}). Результат: Path(name='constants', ext='p', root='html5lib')
INFO     - 2023-08-15 20:40:13,511, Функция: named_tuple с атрибутами (('treebuilders', 'dir', 'html5lib'), {}). Результат: Path(name='treebuilders', ext='d', root='html5lib')
INFO     - 2023-08-15 20:40:13,511, Функция: named_tuple с атрибутами (('_inputstream', 'p', 'html5lib'), {}). Результат: Path(name='_inputstream', ext='p', root='html5lib')
INFO     - 2023-08-15 20:40:13,511, Функция: named_tuple с атрибутами (('__pycache__', 'dir', 'html5lib'), {}). Результат: Path(name='__pycache__', ext='d', root='html5lib')
INFO     - 2023-08-15 20:40:13,512, Функция: named_tuple с атрибутами (('_ihatexml', 'p', 'html5lib'), {}). Результат: Path(name='_ihatexml', ext='p', root='html5lib')
INFO     - 2023-08-15 20:40:13,512, Функция: named_tuple с атрибутами (('treeadapters', 'dir', 'html5lib'), {}). Результат: Path(name='treeadapters', ext='d', root='html5lib')
INFO     - 2023-08-15 20:40:13,512, Функция: named_tuple с атрибутами (('_utils', 'p', 'html5lib'), {}). Результат: Path(name='_utils', ext='p', root='html5lib')
INFO     - 2023-08-15 20:40:13,512, Функция: named_tuple с атрибутами (('_trie', 'dir', 'html5lib'), {}). Результат: Path(name='_trie', ext='d', root='html5lib')
INFO     - 2023-08-15 20:40:13,512, Функция: named_tuple с атрибутами (('__init__', 'p', 'html5lib'), {}). Результат: Path(name='__init__', ext='p', root='html5lib')
INFO     - 2023-08-15 20:40:13,512, Функция: named_tuple с атрибутами (('__pycache__', 'dir', 'treewalkers'), {}). Результат: Path(name='__pycache__', ext='d', root='treewalkers')
INFO     - 2023-08-15 20:40:13,512, Функция: named_tuple с атрибутами (('dom', 'p', 'treewalkers'), {}). Результат: Path(name='dom', ext='p', root='treewalkers')
INFO     - 2023-08-15 20:40:13,513, Функция: named_tuple с атрибутами (('__pycache__', 'dir', 'treebuilders'), {}). Результат: Path(name='__pycache__', ext='d', root='treebuilders')
INFO     - 2023-08-15 20:40:13,513, Функция: named_tuple с атрибутами (('dom', 'p', 'treebuilders'), {}). Результат: Path(name='dom', ext='p', root='treebuilders')
INFO     - 2023-08-15 20:40:13,513, Функция: named_tuple с атрибутами (('__pycache__', 'dir', '_trie'), {}). Результат: Path(name='__pycache__', ext='d', root='_trie')
INFO     - 2023-08-15 20:40:13,513, Функция: named_tuple с атрибутами (('_base', 'p', '_trie'), {}). Результат: Path(name='_base', ext='p', root='_trie')
INFO     - 2023-08-15 20:40:13,513, Функция: named_tuple с атрибутами (('__pycache__', 'dir', 'idna'), {}). Результат: Path(name='__pycache__', ext='d', root='idna')
INFO     - 2023-08-15 20:40:13,513, Функция: named_tuple с атрибутами (('idnadata', 'p', 'idna'), {}). Результат: Path(name='idnadata', ext='p', root='idna')
INFO     - 2023-08-15 20:40:13,514, Функция: named_tuple с атрибутами (('__pycache__', 'dir', 'attrs'), {}). Результат: Path(name='__pycache__', ext='d', root='attrs')
INFO     - 2023-08-15 20:40:13,514, Функция: named_tuple с атрибутами (('exceptions', 'p', 'attrs'), {}). Результат: Path(name='exceptions', ext='p', root='attrs')
INFO     - 2023-08-15 20:40:13,514, Функция: named_tuple с атрибутами (('extern', 'dir', 'setuptools'), {}). Результат: Path(name='extern', ext='d', root='setuptools')
INFO     - 2023-08-15 20:40:13,514, Функция: named_tuple с атрибутами (('unicode_utils', 'p', 'setuptools'), {}). Результат: Path(name='unicode_utils', ext='p', root='setuptools')
INFO     - 2023-08-15 20:40:13,515, Функция: named_tuple с атрибутами (('_vendor', 'dir', 'setuptools'), {}). Результат: Path(name='_vendor', ext='d', root='setuptools')
INFO     - 2023-08-15 20:40:13,515, Функция: named_tuple с атрибутами (('errors', 'p', 'setuptools'), {}). Результат: Path(name='errors', ext='p', root='setuptools')
INFO     - 2023-08-15 20:40:13,515, Функция: named_tuple с атрибутами (('command', 'dir', 'setuptools'), {}). Результат: Path(name='command', ext='d', root='setuptools')
INFO     - 2023-08-15 20:40:13,515, Функция: named_tuple с атрибутами (('installer', 'p', 'setuptools'), {}). Результат: Path(name='installer', ext='p', root='setuptools')
INFO     - 2023-08-15 20:40:13,515, Функция: named_tuple с атрибутами (('_distutils', 'dir', 'setuptools'), {}). Результат: Path(name='_distutils', ext='d', root='setuptools')
INFO     - 2023-08-15 20:40:13,515, Функция: named_tuple с атрибутами (('monkey', 'p', 'setuptools'), {}). Результат: Path(name='monkey', ext='p', root='setuptools')
INFO     - 2023-08-15 20:40:13,516, Функция: named_tuple с атрибутами (('packaging', 'dir', '_vendor'), {}). Результат: Path(name='packaging', ext='d', root='_vendor')
INFO     - 2023-08-15 20:40:13,516, Функция: named_tuple с атрибутами (('pyparsing', 'p', '_vendor'), {}). Результат: Path(name='pyparsing', ext='p', root='_vendor')
INFO     - 2023-08-15 20:40:13,516, Функция: named_tuple с атрибутами (('more_itertools', 'dir', '_vendor'), {}). Результат: Path(name='more_itertools', ext='d', root='_vendor')
INFO     - 2023-08-15 20:40:13,516, Функция: named_tuple с атрибутами (('__init__', 'p', '_vendor'), {}). Результат: Path(name='__init__', ext='p', root='_vendor')
INFO     - 2023-08-15 20:40:13,516, Функция: named_tuple с атрибутами (('command', 'dir', '_distutils'), {}). Результат: Path(name='command', ext='d', root='_distutils')
INFO     - 2023-08-15 20:40:13,517, Функция: named_tuple с атрибутами (('py35compat', 'p', '_distutils'), {}). Результат: Path(name='py35compat', ext='p', root='_distutils')
INFO     - 2023-08-15 20:40:13,517, Функция: named_tuple с атрибутами (('__pycache__', 'dir', 'iniconfig'), {}). Результат: Path(name='__pycache__', ext='d', root='iniconfig')
INFO     - 2023-08-15 20:40:13,517, Функция: named_tuple с атрибутами (('__init__', 'p', 'iniconfig'), {}). Результат: Path(name='__init__', ext='p', root='iniconfig')
INFO     - 2023-08-15 20:40:13,517, Функция: named_tuple с атрибутами (('__pycache__', 'dir', 'importlib_metadata'), {}). Результат: Path(name='__pycache__', ext='d', root='importlib_metadata')
INFO     - 2023-08-15 20:40:13,517, Функция: named_tuple с атрибутами (('_compat', 'p', 'importlib_metadata'), {}). Результат: Path(name='_compat', ext='p', root='importlib_metadata')
INFO     - 2023-08-15 20:40:13,518, Функция: named_tuple с атрибутами (('__pycache__', 'dir', 'pytest'), {}). Результат: Path(name='__pycache__', ext='d', root='pytest')
INFO     - 2023-08-15 20:40:13,518, Функция: named_tuple с атрибутами (('__main__', 'p', 'pytest'), {}). Результат: Path(name='__main__', ext='p', root='pytest')
INFO     - 2023-08-15 20:40:13,518, Функция: named_tuple с атрибутами (('__pycache__', 'dir', 'tomli'), {}). Результат: Path(name='__pycache__', ext='d', root='tomli')
INFO     - 2023-08-15 20:40:13,518, Функция: named_tuple с атрибутами (('_parser', 'p', 'tomli'), {}). Результат: Path(name='_parser', ext='p', root='tomli')
INFO     - 2023-08-15 20:40:13,518, Функция: named_tuple с атрибутами (('_io', 'dir', 'py'), {}). Результат: Path(name='_io', ext='d', root='py')
INFO     - 2023-08-15 20:40:13,518, Функция: named_tuple с атрибутами (('io', 'p', 'py'), {}). Результат: Path(name='io', ext='p', root='py')
INFO     - 2023-08-15 20:40:13,518, Функция: named_tuple с атрибутами (('_process', 'dir', 'py'), {}). Результат: Path(name='_process', ext='d', root='py')
INFO     - 2023-08-15 20:40:13,519, Функция: named_tuple с атрибутами (('iniconfig', 'p', 'py'), {}). Результат: Path(name='iniconfig', ext='p', root='py')
INFO     - 2023-08-15 20:40:13,519, Функция: named_tuple с атрибутами (('__pycache__', 'dir', 'py'), {}). Результат: Path(name='__pycache__', ext='d', root='py')
INFO     - 2023-08-15 20:40:13,519, Функция: named_tuple с атрибутами (('_error', 'p', 'py'), {}). Результат: Path(name='_error', ext='p', root='py')
INFO     - 2023-08-15 20:40:13,519, Функция: named_tuple с атрибутами (('_path', 'dir', 'py'), {}). Результат: Path(name='_path', ext='d', root='py')
INFO     - 2023-08-15 20:40:13,519, Функция: named_tuple с атрибутами (('path', 'p', 'py'), {}). Результат: Path(name='path', ext='p', root='py')
INFO     - 2023-08-15 20:40:13,519, Функция: named_tuple с атрибутами (('_log', 'dir', 'py'), {}). Результат: Path(name='_log', ext='d', root='py')
INFO     - 2023-08-15 20:40:13,519, Функция: named_tuple с атрибутами (('_builtin', 'p', 'py'), {}). Результат: Path(name='_builtin', ext='p', root='py')
INFO     - 2023-08-15 20:40:13,520, Функция: named_tuple с атрибутами (('_code', 'dir', 'py'), {}). Результат: Path(name='_code', ext='d', root='py')
INFO     - 2023-08-15 20:40:13,520, Функция: named_tuple с атрибутами (('__init__', 'p', 'py'), {}). Результат: Path(name='__init__', ext='p', root='py')
INFO     - 2023-08-15 20:40:13,520, Функция: named_tuple с атрибутами (('_vendored_packages', 'dir', 'py'), {}). Результат: Path(name='_vendored_packages', ext='d', root='py')
INFO     - 2023-08-15 20:40:13,520, Функция: named_tuple с атрибутами (('test', 'p', 'py'), {}). Результат: Path(name='test', ext='p', root='py')
INFO     - 2023-08-15 20:40:13,521, Функция: named_tuple с атрибутами (('__pycache__', 'dir', '_io'), {}). Результат: Path(name='__pycache__', ext='d', root='_io')
INFO     - 2023-08-15 20:40:13,521, Функция: named_tuple с атрибутами (('terminalwriter', 'p', '_io'), {}). Результат: Path(name='terminalwriter', ext='p', root='_io')
INFO     - 2023-08-15 20:40:13,521, Функция: named_tuple с атрибутами (('__pycache__', 'dir', '_process'), {}). Результат: Path(name='__pycache__', ext='d', root='_process')
INFO     - 2023-08-15 20:40:13,521, Функция: named_tuple с атрибутами (('forkedfunc', 'p', '_process'), {}). Результат: Path(name='forkedfunc', ext='p', root='_process')
INFO     - 2023-08-15 20:40:13,521, Функция: named_tuple с атрибутами (('__pycache__', 'dir', '_path'), {}). Результат: Path(name='__pycache__', ext='d', root='_path')
INFO     - 2023-08-15 20:40:13,522, Функция: named_tuple с атрибутами (('cacheutil', 'p', '_path'), {}). Результат: Path(name='cacheutil', ext='p', root='_path')
INFO     - 2023-08-15 20:40:13,522, Функция: named_tuple с атрибутами (('__pycache__', 'dir', '_log'), {}). Результат: Path(name='__pycache__', ext='d', root='_log')
INFO     - 2023-08-15 20:40:13,522, Функция: named_tuple с атрибутами (('warning', 'p', '_log'), {}). Результат: Path(name='warning', ext='p', root='_log')
INFO     - 2023-08-15 20:40:13,522, Функция: named_tuple с атрибутами (('__pycache__', 'dir', '_code'), {}). Результат: Path(name='__pycache__', ext='d', root='_code')
INFO     - 2023-08-15 20:40:13,522, Функция: named_tuple с атрибутами (('code', 'p', '_code'), {}). Результат: Path(name='code', ext='p', root='_code')
INFO     - 2023-08-15 20:40:13,522, Функция: named_tuple с атрибутами (('apipkg-2.0.0.dist-info', 'dir', '_vendored_packages'), {}). Результат: Path(name='apipkg-2.0.0.dist-info', ext='d', root='_vendored_packages')
INFO     - 2023-08-15 20:40:13,523, Функция: named_tuple с атрибутами (('__init__', 'p', '_vendored_packages'), {}). Результат: Path(name='__init__', ext='p', root='_vendored_packages')
INFO     - 2023-08-15 20:40:13,523, Функция: named_tuple с атрибутами (('__pycache__', 'dir', 'iniconfig'), {}). Результат: Path(name='__pycache__', ext='d', root='iniconfig')
INFO     - 2023-08-15 20:40:13,523, Функция: named_tuple с атрибутами (('__init__', 'p', 'iniconfig'), {}). Результат: Path(name='__init__', ext='p', root='iniconfig')
INFO     - 2023-08-15 20:40:13,523, Функция: named_tuple с атрибутами (('__pycache__', 'dir', 'apipkg'), {}). Результат: Path(name='__pycache__', ext='d', root='apipkg')
INFO     - 2023-08-15 20:40:13,523, Функция: named_tuple с атрибутами (('version', 'p', 'apipkg'), {}). Результат: Path(name='version', ext='p', root='apipkg')
INFO     - 2023-08-15 20:40:13,523, Функция: named_tuple с атрибутами (('__pycache__', 'dir', 'pluggy'), {}). Результат: Path(name='__pycache__', ext='d', root='pluggy')
INFO     - 2023-08-15 20:40:13,524, Функция: named_tuple с атрибутами (('_callers', 'p', 'pluggy'), {}). Результат: Path(name='_callers', ext='p', root='pluggy')
INFO     - 2023-08-15 20:40:13,524, Функция: named_tuple с атрибутами (('_io', 'dir', '_pytest'), {}). Результат: Path(name='_io', ext='d', root='_pytest')
INFO     - 2023-08-15 20:40:13,524, Функция: named_tuple с атрибутами (('freeze_support', 'p', '_pytest'), {}). Результат: Path(name='freeze_support', ext='p', root='_pytest')
INFO     - 2023-08-15 20:40:13,524, Функция: named_tuple с атрибутами (('mark', 'dir', '_pytest'), {}). Результат: Path(name='mark', ext='d', root='_pytest')
INFO     - 2023-08-15 20:40:13,524, Функция: named_tuple с атрибутами (('nodes', 'p', '_pytest'), {}). Результат: Path(name='nodes', ext='p', root='_pytest')
INFO     - 2023-08-15 20:40:13,524, Функция: named_tuple с атрибутами (('config', 'dir', '_pytest'), {}). Результат: Path(name='config', ext='d', root='_pytest')
INFO     - 2023-08-15 20:40:13,525, Функция: named_tuple с атрибутами (('legacypath', 'p', '_pytest'), {}). Результат: Path(name='legacypath', ext='p', root='_pytest')
INFO     - 2023-08-15 20:40:13,525, Функция: named_tuple с атрибутами (('__pycache__', 'dir', '_pytest'), {}). Результат: Path(name='__pycache__', ext='d', root='_pytest')
INFO     - 2023-08-15 20:40:13,525, Функция: named_tuple с атрибутами (('setupplan', 'p', '_pytest'), {}). Результат: Path(name='setupplan', ext='p', root='_pytest')
INFO     - 2023-08-15 20:40:13,525, Функция: named_tuple с атрибутами (('assertion', 'dir', '_pytest'), {}). Результат: Path(name='assertion', ext='d', root='_pytest')
INFO     - 2023-08-15 20:40:13,525, Функция: named_tuple с атрибутами (('monkeypatch', 'p', '_pytest'), {}). Результат: Path(name='monkeypatch', ext='p', root='_pytest')
INFO     - 2023-08-15 20:40:13,525, Функция: named_tuple с атрибутами (('_code', 'dir', '_pytest'), {}). Результат: Path(name='_code', ext='d', root='_pytest')
INFO     - 2023-08-15 20:40:13,526, Функция: named_tuple с атрибутами (('deprecated', 'p', '_pytest'), {}). Результат: Path(name='deprecated', ext='p', root='_pytest')
INFO     - 2023-08-15 20:40:13,526, Функция: named_tuple с атрибутами (('__pycache__', 'dir', '_io'), {}). Результат: Path(name='__pycache__', ext='d', root='_io')
INFO     - 2023-08-15 20:40:13,526, Функция: named_tuple с атрибутами (('wcwidth', 'p', '_io'), {}). Результат: Path(name='wcwidth', ext='p', root='_io')
INFO     - 2023-08-15 20:40:13,526, Функция: named_tuple с атрибутами (('__pycache__', 'dir', 'mark'), {}). Результат: Path(name='__pycache__', ext='d', root='mark')
INFO     - 2023-08-15 20:40:13,526, Функция: named_tuple с атрибутами (('__init__', 'p', 'mark'), {}). Результат: Path(name='__init__', ext='p', root='mark')
INFO     - 2023-08-15 20:40:13,526, Функция: named_tuple с атрибутами (('__pycache__', 'dir', 'config'), {}). Результат: Path(name='__pycache__', ext='d', root='config')
INFO     - 2023-08-15 20:40:13,526, Функция: named_tuple с атрибутами (('exceptions', 'p', 'config'), {}). Результат: Path(name='exceptions', ext='p', root='config')
INFO     - 2023-08-15 20:40:13,527, Функция: named_tuple с атрибутами (('__pycache__', 'dir', 'assertion'), {}). Результат: Path(name='__pycache__', ext='d', root='assertion')
INFO     - 2023-08-15 20:40:13,527, Функция: named_tuple с атрибутами (('rewrite', 'p', 'assertion'), {}). Результат: Path(name='rewrite', ext='p', root='assertion')
INFO     - 2023-08-15 20:40:13,527, Функция: named_tuple с атрибутами (('__pycache__', 'dir', '_code'), {}). Результат: Path(name='__pycache__', ext='d', root='_code')
INFO     - 2023-08-15 20:40:13,527, Функция: named_tuple с атрибутами (('code', 'p', '_code'), {}). Результат: Path(name='code', ext='p', root='_code')
INFO     - 2023-08-15 20:40:13,527, Функция: named_tuple с атрибутами (('__pycache__', 'dir', 'attr'), {}). Результат: Path(name='__pycache__', ext='d', root='attr')
INFO     - 2023-08-15 20:40:13,527, Функция: named_tuple с атрибутами (('setters', 'p', 'attr'), {}). Результат: Path(name='setters', ext='p', root='attr')
INFO     - 2023-08-15 20:40:13,528, Функция: named_tuple с атрибутами (('__pycache__', 'dir', 'packaging'), {}). Результат: Path(name='__pycache__', ext='d', root='packaging')
INFO     - 2023-08-15 20:40:13,528, Функция: named_tuple с атрибутами (('specifiers', 'p', 'packaging'), {}). Результат: Path(name='specifiers', ext='p', root='packaging')
INFO     - 2023-08-15 20:40:13,528, Функция: named_tuple с атрибутами (('extern', 'dir', 'pkg_resources'), {}). Результат: Path(name='extern', ext='d', root='pkg_resources')
INFO     - 2023-08-15 20:40:13,528, Функция: named_tuple с атрибутами (('__init__', 'p', 'pkg_resources'), {}). Результат: Path(name='__init__', ext='p', root='pkg_resources')
INFO     - 2023-08-15 20:40:13,528, Функция: named_tuple с атрибутами (('__pycache__', 'dir', 'extern'), {}). Результат: Path(name='__pycache__', ext='d', root='extern')
INFO     - 2023-08-15 20:40:13,528, Функция: named_tuple с атрибутами (('__init__', 'p', 'extern'), {}). Результат: Path(name='__init__', ext='p', root='extern')
INFO     - 2023-08-15 20:40:13,529, Функция: named_tuple с атрибутами (('__pycache__', 'dir', '_vendor'), {}). Результат: Path(name='__pycache__', ext='d', root='_vendor')
INFO     - 2023-08-15 20:40:13,529, Функция: named_tuple с атрибутами (('appdirs', 'p', '_vendor'), {}). Результат: Path(name='appdirs', ext='p', root='_vendor')
INFO     - 2023-08-15 20:40:13,529, Функция: named_tuple с атрибутами (('packaging', 'dir', '_vendor'), {}). Результат: Path(name='packaging', ext='d', root='_vendor')
INFO     - 2023-08-15 20:40:13,529, Функция: named_tuple с атрибутами (('pyparsing', 'p', '_vendor'), {}). Результат: Path(name='pyparsing', ext='p', root='_vendor')
INFO     - 2023-08-15 20:40:13,529, Функция: named_tuple с атрибутами (('__pycache__', 'dir', 'packaging'), {}). Результат: Path(name='__pycache__', ext='d', root='packaging')
INFO     - 2023-08-15 20:40:13,529, Функция: named_tuple с атрибутами (('specifiers', 'p', 'packaging'), {}). Результат: Path(name='specifiers', ext='p', root='packaging')
INFO     - 2023-08-15 20:40:13,530, Функция: named_tuple с атрибутами (('vendored', 'dir', 'wheel'), {}). Результат: Path(name='vendored', ext='d', root='wheel')
INFO     - 2023-08-15 20:40:13,530, Функция: named_tuple с атрибутами (('__main__', 'p', 'wheel'), {}). Результат: Path(name='__main__', ext='p', root='wheel')
INFO     - 2023-08-15 20:40:13,530, Функция: named_tuple с атрибутами (('cli', 'dir', 'wheel'), {}). Результат: Path(name='cli', ext='d', root='wheel')
INFO     - 2023-08-15 20:40:13,530, Функция: named_tuple с атрибутами (('metadata', 'p', 'wheel'), {}). Результат: Path(name='metadata', ext='p', root='wheel')
INFO     - 2023-08-15 20:40:13,530, Функция: named_tuple с атрибутами (('packaging', 'dir', 'vendored'), {}). Результат: Path(name='packaging', ext='d', root='vendored')
INFO     - 2023-08-15 20:40:13,530, Функция: named_tuple с атрибутами (('__init__', 'p', 'vendored'), {}). Результат: Path(name='__init__', ext='p', root='vendored')
INFO     - 2023-08-15 20:40:13,531, Функция: named_tuple с атрибутами (('__pycache__', 'dir', 'pyparsing'), {}). Результат: Path(name='__pycache__', ext='d', root='pyparsing')
INFO     - 2023-08-15 20:40:13,531, Функция: named_tuple с атрибутами (('exceptions', 'p', 'pyparsing'), {}). Результат: Path(name='exceptions', ext='p', root='pyparsing')
INFO     - 2023-08-15 20:40:13,531, Функция: named_tuple с атрибутами (('diagram', 'dir', 'pyparsing'), {}). Результат: Path(name='diagram', ext='d', root='pyparsing')
INFO     - 2023-08-15 20:40:13,531, Функция: named_tuple с атрибутами (('results', 'p', 'pyparsing'), {}). Результат: Path(name='results', ext='p', root='pyparsing')
INFO     - 2023-08-15 20:40:13,531, Функция: named_tuple с атрибутами (('__pycache__', 'dir', 'diagram'), {}). Результат: Path(name='__pycache__', ext='d', root='diagram')
INFO     - 2023-08-15 20:40:13,531, Функция: named_tuple с атрибутами (('__init__', 'p', 'diagram'), {}). Результат: Path(name='__init__', ext='p', root='diagram')
INFO     - 2023-08-15 20:40:13,531, Функция: named_tuple с атрибутами (('v', 'dir', '.pytest_cache'), {}). Результат: Path(name='v', ext='d', root='.pytest_cache')
INFO     - 2023-08-15 20:40:13,532, Функция: named_tuple с атрибутами (('CACHEDIR', 'T', '.pytest_cache'), {}). Результат: Path(name='CACHEDIR', ext='T', root='.pytest_cache')
